2026-04-13 19:48:58,685 INFO o.a.j.u.JMeterUtils: Setting Locale to en_EN
2026-04-13 19:48:58,694 INFO o.a.j.JMeter: Loading user properties from: /opt/homebrew/Cellar/jmeter/5.6.3/libexec/bin/user.properties
2026-04-13 19:48:58,694 INFO o.a.j.JMeter: Loading system properties from: /opt/homebrew/Cellar/jmeter/5.6.3/libexec/bin/system.properties
2026-04-13 19:48:58,697 INFO o.a.j.JMeter: Copyright (c) 1998-2024 The Apache Software Foundation
2026-04-13 19:48:58,697 INFO o.a.j.JMeter: Version 5.6.3
2026-04-13 19:48:58,697 INFO o.a.j.JMeter: java.version=21.0.8
2026-04-13 19:48:58,697 INFO o.a.j.JMeter: java.vm.name=OpenJDK 64-Bit Server VM
2026-04-13 19:48:58,697 INFO o.a.j.JMeter: os.name=Mac OS X
2026-04-13 19:48:58,697 INFO o.a.j.JMeter: os.arch=aarch64
2026-04-13 19:48:58,697 INFO o.a.j.JMeter: os.version=26.2
2026-04-13 19:48:58,697 INFO o.a.j.JMeter: file.encoding=UTF-8
2026-04-13 19:48:58,697 INFO o.a.j.JMeter: java.awt.headless=null
2026-04-13 19:48:58,697 INFO o.a.j.JMeter: Max memory     =1073741824
2026-04-13 19:48:58,697 INFO o.a.j.JMeter: Available Processors =12
2026-04-13 19:48:58,701 INFO o.a.j.JMeter: Default Locale=English (EN)
2026-04-13 19:48:58,702 INFO o.a.j.JMeter: JMeter  Locale=English (EN)
2026-04-13 19:48:58,702 INFO o.a.j.JMeter: JMeterHome=/opt/homebrew/Cellar/jmeter/5.6.3/libexec
2026-04-13 19:48:58,702 INFO o.a.j.JMeter: user.dir  =/Users/chachayo/IdeaProjects/final project/worker3
2026-04-13 19:48:58,702 INFO o.a.j.JMeter: PWD       =/Users/chachayo/IdeaProjects/final project/worker3
2026-04-13 19:48:58,704 INFO o.a.j.JMeter: IP: 127.0.0.1 Name: Mac-mini.local FullName: localhost
2026-04-13 19:48:58,709 INFO o.a.j.JMeter: Loaded icon properties from org/apache/jmeter/images/icon.properties
2026-04-13 19:48:59,628 INFO o.a.j.JMeterGuiLauncher: Setting LAF to: com.github.weisj.darklaf.DarkLaf:com.github.weisj.darklaf.theme.DarculaTheme
2026-04-13 19:49:01,249 INFO o.a.j.r.ClassFinder: Will scan jar /opt/homebrew/Cellar/jmeter/5.6.3/libexec/lib/ext/jmeter-plugins-manager-1.9.jar with filter ExtendsClassFilter [parents=[interface org.apache.jmeter.gui.action.Command], inner=false, contains=null, notContains=null]. Consider exposing JMeter plugins via META-INF/services, and add JMeter-Skip-Class-Scanning=true manifest attribute so JMeter can skip classfile scanning
2026-04-13 19:49:01,303 INFO o.a.j.r.ClassFinder: Will scan jar /opt/homebrew/Cellar/jmeter/5.6.3/libexec/lib/ext/jmeter-plugins-manager-1.9.jar with filter ExtendsClassFilter [parents=[interface org.apache.jmeter.gui.plugin.MenuCreator], inner=false, contains=null, notContains=null]. Consider exposing JMeter plugins via META-INF/services, and add JMeter-Skip-Class-Scanning=true manifest attribute so JMeter can skip classfile scanning
2026-04-13 19:49:01,352 INFO o.j.r.JARSourceHTTP: Requesting https://jmeter-plugins.org/repo/?installID=mac_os_x-57e4c6e4b544237a888331be4d960a20-gui
2026-04-13 19:49:02,187 INFO o.j.r.PluginManager: Plugins Status: [jpgc-plugins-manager=1.9, jmeter-core=5.6.3, jmeter-ftp=5.6.3, jmeter-http=5.6.3, jmeter-jdbc=5.6.3, jmeter-jms=5.6.3, jmeter-junit=5.6.3, jmeter-java=5.6.3, jmeter-ldap=5.6.3, jmeter-mail=5.6.3, jmeter-mongodb=5.6.3, jmeter-native=5.6.3, jmeter-tcp=5.6.3, jmeter-components=5.6.3]
2026-04-13 19:49:02,187 INFO o.j.r.PluginManagerMenuItem: Plugins Manager has upgrades: [jpgc-plugins-manager]
2026-04-13 19:50:57,164 INFO o.a.j.s.FileServer: Default base='/Users/chachayo/IdeaProjects/final project/worker3'
2026-04-13 19:52:27,137 INFO o.a.j.p.h.s.HTTPSamplerBase: Parser for text/html is org.apache.jmeter.protocol.http.parser.LagartoBasedHtmlParser
2026-04-13 19:52:27,138 INFO o.a.j.p.h.s.HTTPSamplerBase: Parser for application/xhtml+xml is org.apache.jmeter.protocol.http.parser.LagartoBasedHtmlParser
2026-04-13 19:52:27,138 INFO o.a.j.p.h.s.HTTPSamplerBase: Parser for application/xml is org.apache.jmeter.protocol.http.parser.LagartoBasedHtmlParser
2026-04-13 19:52:27,138 INFO o.a.j.p.h.s.HTTPSamplerBase: Parser for text/xml is org.apache.jmeter.protocol.http.parser.LagartoBasedHtmlParser
2026-04-13 19:52:27,138 INFO o.a.j.p.h.s.HTTPSamplerBase: Parser for text/vnd.wap.wml is org.apache.jmeter.protocol.http.parser.RegexpHTMLParser
2026-04-13 19:52:27,138 INFO o.a.j.p.h.s.HTTPSamplerBase: Parser for text/css is org.apache.jmeter.protocol.http.parser.CssParser
2026-04-13 19:55:06,379 INFO o.a.j.s.FileServer: Set new base='/Users/chachayo/IdeaProjects/final project/worker3'
2026-04-13 19:55:06,573 INFO o.a.j.s.SaveService: Testplan (JMX) version: 2.2. Testlog (JTL) version: 2.2
2026-04-13 19:55:06,576 INFO o.a.j.s.SaveService: Using SaveService properties version 5.0
2026-04-13 19:55:06,576 INFO o.a.j.s.SaveService: Using SaveService properties file encoding UTF-8
2026-04-13 19:55:21,443 INFO o.a.j.e.StandardJMeterEngine: Running the test!
2026-04-13 19:55:21,444 INFO o.a.j.s.SampleEvent: List of sample_variables: []
2026-04-13 19:55:21,444 INFO o.a.j.s.SampleEvent: List of sample_variables: []
2026-04-13 19:55:21,445 INFO o.a.j.e.u.CompoundVariable: Note: Function class names must contain the string: '.functions.'
2026-04-13 19:55:21,445 INFO o.a.j.e.u.CompoundVariable: Note: Function class names must not contain the string: '.gui.'
2026-04-13 19:55:21,514 INFO o.a.j.r.ClassFinder: Will scan jar /opt/homebrew/Cellar/jmeter/5.6.3/libexec/lib/ext/jmeter-plugins-manager-1.9.jar with filter ExtendsClassFilter [parents=[interface org.apache.jmeter.functions.Function], inner=false, contains=null, notContains=null]. Consider exposing JMeter plugins via META-INF/services, and add JMeter-Skip-Class-Scanning=true manifest attribute so JMeter can skip classfile scanning
2026-04-13 19:55:21,532 INFO o.a.j.g.u.JMeterMenuBar: setRunning(true, *local*)
2026-04-13 19:55:21,595 INFO o.a.j.e.StandardJMeterEngine: Starting ThreadGroup: 1 : Thread Group
2026-04-13 19:55:21,595 INFO o.a.j.e.StandardJMeterEngine: Starting 10 threads for group Thread Group.
2026-04-13 19:55:21,595 INFO o.a.j.e.StandardJMeterEngine: Thread will continue on error
2026-04-13 19:55:21,596 INFO o.a.j.t.ThreadGroup: Starting thread group... number=1 threads=10 ramp-up=10 delayedStart=false
2026-04-13 19:55:21,597 INFO o.a.j.t.JMeterThread: Thread started: Thread Group 1-1
2026-04-13 19:55:21,598 INFO o.a.j.t.ThreadGroup: Started thread group number 1
2026-04-13 19:55:21,598 INFO o.a.j.e.StandardJMeterEngine: All thread groups have been started
2026-04-13 19:55:21,601 INFO o.a.j.p.h.s.HTTPHCAbstractImpl: Local host = Mac-mini.local
2026-04-13 19:55:21,608 INFO o.a.j.p.h.s.HTTPHC4Impl: HTTP request retry count = 0
2026-04-13 19:55:21,609 INFO o.a.j.s.SampleResult: Note: Sample TimeStamps are START times
2026-04-13 19:55:21,609 INFO o.a.j.s.SampleResult: sampleresult.default.encoding is set to UTF-8
2026-04-13 19:55:21,609 INFO o.a.j.s.SampleResult: sampleresult.useNanoTime=true
2026-04-13 19:55:21,609 INFO o.a.j.s.SampleResult: sampleresult.nanoThreadSleep=5000
2026-04-13 19:55:21,850 INFO o.a.j.t.JMeterThread: Thread is done: Thread Group 1-1
2026-04-13 19:55:21,850 INFO o.a.j.t.JMeterThread: Thread finished: Thread Group 1-1
2026-04-13 19:55:22,601 INFO o.a.j.t.JMeterThread: Thread started: Thread Group 1-2
2026-04-13 19:55:22,704 INFO o.a.j.t.JMeterThread: Thread is done: Thread Group 1-2
2026-04-13 19:55:22,704 INFO o.a.j.t.JMeterThread: Thread finished: Thread Group 1-2
2026-04-13 19:55:23,599 INFO o.a.j.t.JMeterThread: Thread started: Thread Group 1-3
2026-04-13 19:55:23,679 INFO o.a.j.t.JMeterThread: Thread is done: Thread Group 1-3
2026-04-13 19:55:23,679 INFO o.a.j.t.JMeterThread: Thread finished: Thread Group 1-3
2026-04-13 19:55:24,597 INFO o.a.j.t.JMeterThread: Thread started: Thread Group 1-4
2026-04-13 19:55:24,656 INFO o.a.j.t.JMeterThread: Thread is done: Thread Group 1-4
2026-04-13 19:55:24,657 INFO o.a.j.t.JMeterThread: Thread finished: Thread Group 1-4
2026-04-13 19:55:25,598 INFO o.a.j.t.JMeterThread: Thread started: Thread Group 1-5
2026-04-13 19:55:25,665 INFO o.a.j.t.JMeterThread: Thread is done: Thread Group 1-5
2026-04-13 19:55:25,665 INFO o.a.j.t.JMeterThread: Thread finished: Thread Group 1-5
2026-04-13 19:55:26,599 INFO o.a.j.t.JMeterThread: Thread started: Thread Group 1-6
2026-04-13 19:55:26,685 INFO o.a.j.t.JMeterThread: Thread is done: Thread Group 1-6
2026-04-13 19:55:26,685 INFO o.a.j.t.JMeterThread: Thread finished: Thread Group 1-6
2026-04-13 19:55:27,601 INFO o.a.j.t.JMeterThread: Thread started: Thread Group 1-7
2026-04-13 19:55:27,673 INFO o.a.j.t.JMeterThread: Thread is done: Thread Group 1-7
2026-04-13 19:55:27,674 INFO o.a.j.t.JMeterThread: Thread finished: Thread Group 1-7
2026-04-13 19:55:28,598 INFO o.a.j.t.JMeterThread: Thread started: Thread Group 1-8
2026-04-13 19:55:28,652 INFO o.a.j.t.JMeterThread: Thread is done: Thread Group 1-8
2026-04-13 19:55:28,653 INFO o.a.j.t.JMeterThread: Thread finished: Thread Group 1-8
2026-04-13 19:55:29,601 INFO o.a.j.t.JMeterThread: Thread started: Thread Group 1-9
2026-04-13 19:55:29,700 INFO o.a.j.t.JMeterThread: Thread is done: Thread Group 1-9
2026-04-13 19:55:29,700 INFO o.a.j.t.JMeterThread: Thread finished: Thread Group 1-9
2026-04-13 19:55:30,597 INFO o.a.j.t.JMeterThread: Thread started: Thread Group 1-10
2026-04-13 19:55:30,664 INFO o.a.j.t.JMeterThread: Thread is done: Thread Group 1-10
2026-04-13 19:55:30,664 INFO o.a.j.t.JMeterThread: Thread finished: Thread Group 1-10
2026-04-13 19:55:30,665 INFO o.a.j.e.StandardJMeterEngine: Notifying test listeners of end of test
2026-04-13 19:55:30,665 INFO o.a.j.g.u.JMeterMenuBar: setRunning(false, *local*)
2026-04-13 19:58:24,971 INFO o.a.j.e.StandardJMeterEngine: Running the test!
2026-04-13 19:58:24,972 INFO o.a.j.s.SampleEvent: List of sample_variables: []
2026-04-13 19:58:24,972 INFO o.a.j.g.u.JMeterMenuBar: setRunning(true, *local*)
2026-04-13 19:58:25,002 INFO o.a.j.e.StandardJMeterEngine: Starting ThreadGroup: 1 : Thread Group
2026-04-13 19:58:25,003 INFO o.a.j.e.StandardJMeterEngine: Starting 10 threads for group Thread Group.
2026-04-13 19:58:25,003 INFO o.a.j.e.StandardJMeterEngine: Thread will continue on error
2026-04-13 19:58:25,003 INFO o.a.j.t.ThreadGroup: Starting thread group... number=1 threads=10 ramp-up=10 delayedStart=false
2026-04-13 19:58:25,003 INFO o.a.j.t.JMeterThread: Thread started: Thread Group 1-1
2026-04-13 19:58:25,004 INFO o.a.j.t.ThreadGroup: Started thread group number 1
2026-04-13 19:58:25,004 INFO o.a.j.e.StandardJMeterEngine: All thread groups have been started
2026-04-13 19:58:25,122 INFO o.a.j.t.JMeterThread: Thread is done: Thread Group 1-1
2026-04-13 19:58:25,122 INFO o.a.j.t.JMeterThread: Thread finished: Thread Group 1-1
2026-04-13 19:58:26,006 INFO o.a.j.t.JMeterThread: Thread started: Thread Group 1-2
2026-04-13 19:58:26,099 INFO o.a.j.t.JMeterThread: Thread is done: Thread Group 1-2
2026-04-13 19:58:26,100 INFO o.a.j.t.JMeterThread: Thread finished: Thread Group 1-2
2026-04-13 19:58:27,008 INFO o.a.j.t.JMeterThread: Thread started: Thread Group 1-3
2026-04-13 19:58:27,088 INFO o.a.j.t.JMeterThread: Thread is done: Thread Group 1-3
2026-04-13 19:58:27,088 INFO o.a.j.t.JMeterThread: Thread finished: Thread Group 1-3
2026-04-13 19:58:28,008 INFO o.a.j.t.JMeterThread: Thread started: Thread Group 1-4
2026-04-13 19:58:28,080 INFO o.a.j.t.JMeterThread: Thread is done: Thread Group 1-4
2026-04-13 19:58:28,080 INFO o.a.j.t.JMeterThread: Thread finished: Thread Group 1-4
2026-04-13 19:58:29,008 INFO o.a.j.t.JMeterThread: Thread started: Thread Group 1-5
2026-04-13 19:58:29,076 INFO o.a.j.t.JMeterThread: Thread is done: Thread Group 1-5
2026-04-13 19:58:29,076 INFO o.a.j.t.JMeterThread: Thread finished: Thread Group 1-5
2026-04-13 19:58:30,009 INFO o.a.j.t.JMeterThread: Thread started: Thread Group 1-6
2026-04-13 19:58:30,072 INFO o.a.j.t.JMeterThread: Thread is done: Thread Group 1-6
2026-04-13 19:58:30,072 INFO o.a.j.t.JMeterThread: Thread finished: Thread Group 1-6
2026-04-13 19:58:31,006 INFO o.a.j.t.JMeterThread: Thread started: Thread Group 1-7
2026-04-13 19:58:31,066 INFO o.a.j.t.JMeterThread: Thread is done: Thread Group 1-7
2026-04-13 19:58:31,066 INFO o.a.j.t.JMeterThread: Thread finished: Thread Group 1-7
2026-04-13 19:58:32,009 INFO o.a.j.t.JMeterThread: Thread started: Thread Group 1-8
2026-04-13 19:58:32,065 INFO o.a.j.t.JMeterThread: Thread is done: Thread Group 1-8
2026-04-13 19:58:32,065 INFO o.a.j.t.JMeterThread: Thread finished: Thread Group 1-8
2026-04-13 19:58:33,003 INFO o.a.j.t.JMeterThread: Thread started: Thread Group 1-9
2026-04-13 19:58:33,055 INFO o.a.j.t.JMeterThread: Thread is done: Thread Group 1-9
2026-04-13 19:58:33,055 INFO o.a.j.t.JMeterThread: Thread finished: Thread Group 1-9
2026-04-13 19:58:34,008 INFO o.a.j.t.JMeterThread: Thread started: Thread Group 1-10
2026-04-13 19:58:34,055 INFO o.a.j.t.JMeterThread: Thread is done: Thread Group 1-10
2026-04-13 19:58:34,056 INFO o.a.j.t.JMeterThread: Thread finished: Thread Group 1-10
2026-04-13 19:58:34,056 INFO o.a.j.e.StandardJMeterEngine: Notifying test listeners of end of test
2026-04-13 19:58:34,056 INFO o.a.j.g.u.JMeterMenuBar: setRunning(false, *local*)
2026-04-13 20:03:06,067 INFO o.a.j.e.StandardJMeterEngine: Running the test!
2026-04-13 20:03:06,068 INFO o.a.j.s.SampleEvent: List of sample_variables: []
2026-04-13 20:03:06,069 INFO o.a.j.g.u.JMeterMenuBar: setRunning(true, *local*)
2026-04-13 20:03:06,098 INFO o.a.j.e.StandardJMeterEngine: Starting ThreadGroup: 1 : Thread Group
2026-04-13 20:03:06,099 INFO o.a.j.e.StandardJMeterEngine: Starting 10 threads for group Thread Group.
2026-04-13 20:03:06,099 INFO o.a.j.e.StandardJMeterEngine: Thread will continue on error
2026-04-13 20:03:06,099 INFO o.a.j.t.ThreadGroup: Starting thread group... number=1 threads=10 ramp-up=10 delayedStart=false
2026-04-13 20:03:06,099 INFO o.a.j.t.JMeterThread: Thread started: Thread Group 1-1
2026-04-13 20:03:06,100 INFO o.a.j.t.ThreadGroup: Started thread group number 1
2026-04-13 20:03:06,100 INFO o.a.j.e.StandardJMeterEngine: All thread groups have been started
2026-04-13 20:03:06,501 INFO o.a.j.t.JMeterThread: Thread is done: Thread Group 1-1
2026-04-13 20:03:06,501 INFO o.a.j.t.JMeterThread: Thread finished: Thread Group 1-1
2026-04-13 20:03:07,104 INFO o.a.j.t.JMeterThread: Thread started: Thread Group 1-2
2026-04-13 20:03:07,526 INFO o.a.j.t.JMeterThread: Thread is done: Thread Group 1-2
2026-04-13 20:03:07,526 INFO o.a.j.t.JMeterThread: Thread finished: Thread Group 1-2
2026-04-13 20:03:08,101 INFO o.a.j.t.JMeterThread: Thread started: Thread Group 1-3
2026-04-13 20:03:08,399 INFO o.a.j.t.JMeterThread: Thread is done: Thread Group 1-3
2026-04-13 20:03:08,399 INFO o.a.j.t.JMeterThread: Thread finished: Thread Group 1-3
2026-04-13 20:03:09,101 INFO o.a.j.t.JMeterThread: Thread started: Thread Group 1-4
2026-04-13 20:03:09,878 INFO o.a.j.t.JMeterThread: Thread is done: Thread Group 1-4
2026-04-13 20:03:09,880 INFO o.a.j.t.JMeterThread: Thread finished: Thread Group 1-4
2026-04-13 20:03:10,100 INFO o.a.j.t.JMeterThread: Thread started: Thread Group 1-5
2026-04-13 20:03:10,265 INFO o.a.j.t.JMeterThread: Thread is done: Thread Group 1-5
2026-04-13 20:03:10,265 INFO o.a.j.t.JMeterThread: Thread finished: Thread Group 1-5
2026-04-13 20:03:11,102 INFO o.a.j.t.JMeterThread: Thread started: Thread Group 1-6
2026-04-13 20:03:11,234 INFO o.a.j.t.JMeterThread: Thread is done: Thread Group 1-6
2026-04-13 20:03:11,234 INFO o.a.j.t.JMeterThread: Thread finished: Thread Group 1-6
2026-04-13 20:03:12,105 INFO o.a.j.t.JMeterThread: Thread started: Thread Group 1-7
2026-04-13 20:03:12,282 INFO o.a.j.t.JMeterThread: Thread is done: Thread Group 1-7
2026-04-13 20:03:12,282 INFO o.a.j.t.JMeterThread: Thread finished: Thread Group 1-7
2026-04-13 20:03:13,104 INFO o.a.j.t.JMeterThread: Thread started: Thread Group 1-8
2026-04-13 20:03:13,262 INFO o.a.j.t.JMeterThread: Thread is done: Thread Group 1-8
2026-04-13 20:03:13,262 INFO o.a.j.t.JMeterThread: Thread finished: Thread Group 1-8
2026-04-13 20:03:14,104 INFO o.a.j.t.JMeterThread: Thread started: Thread Group 1-9
2026-04-13 20:03:14,220 INFO o.a.j.t.JMeterThread: Thread is done: Thread Group 1-9
2026-04-13 20:03:14,220 INFO o.a.j.t.JMeterThread: Thread finished: Thread Group 1-9
2026-04-13 20:03:15,103 INFO o.a.j.t.JMeterThread: Thread started: Thread Group 1-10
2026-04-13 20:03:15,211 INFO o.a.j.t.JMeterThread: Thread is done: Thread Group 1-10
2026-04-13 20:03:15,212 INFO o.a.j.t.JMeterThread: Thread finished: Thread Group 1-10
2026-04-13 20:03:15,212 INFO o.a.j.e.StandardJMeterEngine: Notifying test listeners of end of test
2026-04-13 20:03:15,212 INFO o.a.j.g.u.JMeterMenuBar: setRunning(false, *local*)
